2022-09-19 22:48:42 | MainProcess | MainThread | category.py | category.parse:38 | SUCCESS: 数据保存成功[c_category]: ['小说', '7402975', 'https://book.douban.com/tag/小说', 1]
2022-09-19 22:48:42 | MainProcess | MainThread | category.py | category.parse:38 | SUCCESS: 数据保存成功[c_category]: ['文学', '2972735', 'https://book.douban.com/tag/文学', 1]
2022-09-19 22:48:42 | MainProcess | MainThread | category.py | category.parse:38 | SUCCESS: 数据保存成功[c_category]: ['外国文学', '2920878', 'https://book.douban.com/tag/外国文学', 1]
2022-09-19 22:48:42 | MainProcess | MainThread | category.py | category.parse:38 | SUCCESS: 数据保存成功[c_category]: ['经典', '1829500', 'https://book.douban.com/tag/经典', 1]
2022-09-19 22:48:42 | MainProcess | MainThread | category.py | category.parse:38 | SUCCESS: 数据保存成功[c_category]: ['中国文学', '1729959', 'https://book.douban.com/tag/中国文学', 1]
2022-09-19 22:48:42 | MainProcess | MainThread | category.py | category.parse:38 | SUCCESS: 数据保存成功[c_category]: ['随笔', '1564610', 'https://book.douban.com/tag/随笔', 1]
2022-09-19 22:48:42 | MainProcess | MainThread | category.py | category.parse:38 | SUCCESS: 数据保存成功[c_category]: ['日本文学', '1307877', 'https://book.douban.com/tag/日本文学', 1]
2022-09-19 22:48:42 | MainProcess | MainThread | category.py | category.parse:38 | SUCCESS: 数据保存成功[c_category]: ['散文', '933791', 'https://book.douban.com/tag/散文', 1]
2022-09-19 22:48:42 | MainProcess | MainThread | category.py | category.parse:38 | SUCCESS: 数据保存成功[c_category]: ['村上春树', '534638', 'https://book.douban.com/tag/村上春树', 1]
2022-09-19 22:48:42 | MainProcess | MainThread | category.py | category.parse:38 | SUCCESS: 数据保存成功[c_category]: ['诗歌', '499202', 'https://book.douban.com/tag/诗歌', 1]
2022-09-19 22:48:42 | MainProcess | MainThread | category.py | category.parse:38 | SUCCESS: 数据保存成功[c_category]: ['童话', '413481', 'https://book.douban.com/tag/童话', 1]
2022-09-19 22:48:42 | MainProcess | MainThread | category.py | category.parse:38 | SUCCESS: 数据保存成功[c_category]: ['名著', '409366', 'https://book.douban.com/tag/名著', 1]
2022-09-19 22:48:42 | MainProcess | MainThread | category.py | category.parse:38 | SUCCESS: 数据保存成功[c_category]: ['儿童文学', '400155', 'https://book.douban.com/tag/儿童文学', 1]
2022-09-19 22:48:42 | MainProcess | MainThread | category.py | category.parse:38 | SUCCESS: 数据保存成功[c_category]: ['古典文学', '363919', 'https://book.douban.com/tag/古典文学', 1]
2022-09-19 22:48:42 | MainProcess | MainThread | category.py | category.parse:38 | SUCCESS: 数据保存成功[c_category]: ['余华', '341842', 'https://book.douban.com/tag/余华', 1]
2022-09-19 22:48:42 | MainProcess | MainThread | category.py | category.parse:38 | SUCCESS: 数据保存成功[c_category]: ['王小波', '302245', 'https://book.douban.com/tag/王小波', 1]
2022-09-19 22:48:42 | MainProcess | MainThread | category.py | category.parse:38 | SUCCESS: 数据保存成功[c_category]: ['当代文学', '282995', 'https://book.douban.com/tag/当代文学', 1]
2022-09-19 22:48:42 | MainProcess | MainThread | category.py | category.parse:38 | SUCCESS: 数据保存成功[c_category]: ['杂文', '276017', 'https://book.douban.com/tag/杂文', 1]
2022-09-19 22:48:42 | MainProcess | MainThread | category.py | category.parse:38 | SUCCESS: 数据保存成功[c_category]: ['张爱玲', '236047', 'https://book.douban.com/tag/张爱玲', 1]
2022-09-19 22:48:42 | MainProcess | MainThread | category.py | category.parse:38 | SUCCESS: 数据保存成功[c_category]: ['外国名著', '170978', 'https://book.douban.com/tag/外国名著', 1]
2022-09-19 22:48:42 | MainProcess | MainThread | category.py | category.parse:38 | SUCCESS: 数据保存成功[c_category]: ['鲁迅', '162453', 'https://book.douban.com/tag/鲁迅', 1]
2022-09-19 22:48:42 | MainProcess | MainThread | category.py | category.parse:38 | SUCCESS: 数据保存成功[c_category]: ['钱钟书', '151156', 'https://book.douban.com/tag/钱钟书', 1]
2022-09-19 22:48:42 | MainProcess | MainThread | category.py | category.parse:38 | SUCCESS: 数据保存成功[c_category]: ['诗词', '117903', 'https://book.douban.com/tag/诗词', 1]
2022-09-19 22:48:42 | MainProcess | MainThread | category.py | category.parse:38 | SUCCESS: 数据保存成功[c_category]: ['茨威格', '87261', 'https://book.douban.com/tag/茨威格', 1]
2022-09-19 22:48:42 | MainProcess | MainThread | category.py | category.parse:38 | SUCCESS: 数据保存成功[c_category]: ['米兰·昆德拉', '67665', 'https://book.douban.com/tag/米兰·昆德拉', 1]
2022-09-19 22:48:42 | MainProcess | MainThread | category.py | category.parse:38 | SUCCESS: 数据保存成功[c_category]: ['杜拉斯', '48884', 'https://book.douban.com/tag/杜拉斯', 1]
2022-09-19 22:48:42 | MainProcess | MainThread | category.py | category.parse:38 | SUCCESS: 数据保存成功[c_category]: ['港台', '11350', 'https://book.douban.com/tag/港台', 1]
2022-09-19 22:48:42 | MainProcess | MainThread | category.py | category.parse:38 | SUCCESS: 数据保存成功[c_category]: ['漫画', '1690269', 'https://book.douban.com/tag/漫画', 2]
2022-09-19 22:48:42 | MainProcess | MainThread | category.py | category.parse:38 | SUCCESS: 数据保存成功[c_category]: ['推理', '1432752', 'https://book.douban.com/tag/推理', 2]
2022-09-19 22:48:42 | MainProcess | MainThread | category.py | category.parse:38 | SUCCESS: 数据保存成功[c_category]: ['绘本', '1207834', 'https://book.douban.com/tag/绘本', 2]
2022-09-19 22:48:42 | MainProcess | MainThread | category.py | category.parse:38 | SUCCESS: 数据保存成功[c_category]: ['悬疑', '885592', 'https://book.douban.com/tag/悬疑', 2]
2022-09-19 22:48:42 | MainProcess | MainThread | category.py | category.parse:38 | SUCCESS: 数据保存成功[c_category]: ['东野圭吾', '870344', 'https://book.douban.com/tag/东野圭吾', 2]
2022-09-19 22:48:42 | MainProcess | MainThread | category.py | category.parse:38 | SUCCESS: 数据保存成功[c_category]: ['科幻', '840868', 'https://book.douban.com/tag/科幻', 2]
2022-09-19 22:48:42 | MainProcess | MainThread | category.py | category.parse:38 | SUCCESS: 数据保存成功[c_category]: ['青春', '832107', 'https://book.douban.com/tag/青春', 2]
2022-09-19 22:48:42 | MainProcess | MainThread | category.py | category.parse:38 | SUCCESS: 数据保存成功[c_category]: ['言情', '633163', 'https://book.douban.com/tag/言情', 2]
2022-09-19 22:48:42 | MainProcess | MainThread | category.py | category.parse:38 | SUCCESS: 数据保存成功[c_category]: ['推理小说', '536888', 'https://book.douban.com/tag/推理小说', 2]
2022-09-19 22:48:42 | MainProcess | MainThread | category.py | category.parse:38 | SUCCESS: 数据保存成功[c_category]: ['奇幻', '460702', 'https://book.douban.com/tag/奇幻', 2]
2022-09-19 22:48:42 | MainProcess | MainThread | category.py | category.parse:38 | SUCCESS: 数据保存成功[c_category]: ['武侠', '400841', 'https://book.douban.com/tag/武侠', 2]
2022-09-19 22:48:42 | MainProcess | MainThread | category.py | category.parse:38 | SUCCESS: 数据保存成功[c_category]: ['日本漫画', '400562', 'https://book.douban.com/tag/日本漫画', 2]
2022-09-19 22:48:42 | MainProcess | MainThread | category.py | category.parse:38 | SUCCESS: 数据保存成功[c_category]: ['耽美', '385478', 'https://book.douban.com/tag/耽美', 2]
2022-09-19 22:48:42 | MainProcess | MainThread | category.py | category.parse:38 | SUCCESS: 数据保存成功[c_category]: ['科幻小说', '327327', 'https://book.douban.com/tag/科幻小说', 2]
2022-09-19 22:48:42 | MainProcess | MainThread | category.py | category.parse:38 | SUCCESS: 数据保存成功[c_category]: ['网络小说', '293603', 'https://book.douban.com/tag/网络小说', 2]
2022-09-19 22:48:42 | MainProcess | MainThread | category.py | category.parse:38 | SUCCESS: 数据保存成功[c_category]: ['三毛', '276448', 'https://book.douban.com/tag/三毛', 2]
2022-09-19 22:48:42 | MainProcess | MainThread | category.py | category.parse:38 | SUCCESS: 数据保存成功[c_category]: ['韩寒', '271365', 'https://book.douban.com/tag/韩寒', 2]
2022-09-19 22:48:42 | MainProcess | MainThread | category.py | category.parse:38 | SUCCESS: 数据保存成功[c_category]: ['亦舒', '248942', 'https://book.douban.com/tag/亦舒', 2]
2022-09-19 22:48:42 | MainProcess | MainThread | category.py | category.parse:38 | SUCCESS: 数据保存成功[c_category]: ['阿加莎·克里斯蒂', '244281', 'https://book.douban.com/tag/阿加莎·克里斯蒂', 2]
2022-09-19 22:48:42 | MainProcess | MainThread | category.py | category.parse:38 | SUCCESS: 数据保存成功[c_category]: ['金庸', '204889', 'https://book.douban.com/tag/金庸', 2]
2022-09-19 22:48:42 | MainProcess | MainThread | category.py | category.parse:38 | SUCCESS: 数据保存成功[c_category]: ['穿越', '178987', 'https://book.douban.com/tag/穿越', 2]
2022-09-19 22:48:42 | MainProcess | MainThread | category.py | category.parse:38 | SUCCESS: 数据保存成功[c_category]: ['安妮宝贝', '178113', 'https://book.douban.com/tag/安妮宝贝', 2]
2022-09-19 22:48:42 | MainProcess | MainThread | category.py | category.parse:38 | SUCCESS: 数据保存成功[c_category]: ['轻小说', '166966', 'https://book.douban.com/tag/轻小说', 2]
2022-09-19 22:48:42 | MainProcess | MainThread | category.py | category.parse:38 | SUCCESS: 数据保存成功[c_category]: ['魔幻', '166734', 'https://book.douban.com/tag/魔幻', 2]
2022-09-19 22:48:42 | MainProcess | MainThread | category.py | category.parse:38 | SUCCESS: 数据保存成功[c_category]: ['郭敬明', '159991', 'https://book.douban.com/tag/郭敬明', 2]
2022-09-19 22:48:42 | MainProcess | MainThread | category.py | category.parse:38 | SUCCESS: 数据保存成功[c_category]: ['青春文学', '155024', 'https://book.douban.com/tag/青春文学', 2]
2022-09-19 22:48:42 | MainProcess | MainThread | category.py | category.parse:38 | SUCCESS: 数据保存成功[c_category]: ['几米', '122309', 'https://book.douban.com/tag/几米', 2]
2022-09-19 22:48:42 | MainProcess | MainThread | category.py | category.parse:38 | SUCCESS: 数据保存成功[c_category]: ['J.K.罗琳', '120760', 'https://book.douban.com/tag/J.K.罗琳', 2]
2022-09-19 22:48:42 | MainProcess | MainThread | category.py | category.parse:38 | SUCCESS: 数据保存成功[c_category]: ['幾米', '106314', 'https://book.douban.com/tag/幾米', 2]
2022-09-19 22:48:42 | MainProcess | MainThread | category.py | category.parse:38 | SUCCESS: 数据保存成功[c_category]: ['张小娴', '98853', 'https://book.douban.com/tag/张小娴', 2]
2022-09-19 22:48:42 | MainProcess | MainThread | category.py | category.parse:38 | SUCCESS: 数据保存成功[c_category]: ['校园', '98197', 'https://book.douban.com/tag/校园', 2]
2022-09-19 22:48:42 | MainProcess | MainThread | category.py | category.parse:38 | SUCCESS: 数据保存成功[c_category]: ['古龙', '89386', 'https://book.douban.com/tag/古龙', 2]
2022-09-19 22:48:42 | MainProcess | MainThread | category.py | category.parse:38 | SUCCESS: 数据保存成功[c_category]: ['高木直子', '80347', 'https://book.douban.com/tag/高木直子', 2]
2022-09-19 22:48:42 | MainProcess | MainThread | category.py | category.parse:38 | SUCCESS: 数据保存成功[c_category]: ['沧月', '69392', 'https://book.douban.com/tag/沧月', 2]
2022-09-19 22:48:42 | MainProcess | MainThread | category.py | category.parse:38 | SUCCESS: 数据保存成功[c_category]: ['余秋雨', '65444', 'https://book.douban.com/tag/余秋雨', 2]
2022-09-19 22:48:42 | MainProcess | MainThread | category.py | category.parse:38 | SUCCESS: 数据保存成功[c_category]: ['王朔', '58673', 'https://book.douban.com/tag/王朔', 2]
2022-09-19 22:48:42 | MainProcess | MainThread | category.py | category.parse:38 | SUCCESS: 数据保存成功[c_category]: ['历史', '3306022', 'https://book.douban.com/tag/历史', 3]
2022-09-19 22:48:42 | MainProcess | MainThread | category.py | category.parse:38 | SUCCESS: 数据保存成功[c_category]: ['心理学', '2174387', 'https://book.douban.com/tag/心理学', 3]
2022-09-19 22:48:42 | MainProcess | MainThread | category.py | category.parse:38 | SUCCESS: 数据保存成功[c_category]: ['哲学', '1927331', 'https://book.douban.com/tag/哲学', 3]
2022-09-19 22:48:42 | MainProcess | MainThread | category.py | category.parse:38 | SUCCESS: 数据保存成功[c_category]: ['社会学', '1403918', 'https://book.douban.com/tag/社会学', 3]
2022-09-19 22:48:42 | MainProcess | MainThread | category.py | category.parse:38 | SUCCESS: 数据保存成功[c_category]: ['传记', '1147953', 'https://book.douban.com/tag/传记', 3]
2022-09-19 22:48:42 | MainProcess | MainThread | category.py | category.parse:38 | SUCCESS: 数据保存成功[c_category]: ['文化', '1094015', 'https://book.douban.com/tag/文化', 3]
2022-09-19 22:48:42 | MainProcess | MainThread | category.py | category.parse:38 | SUCCESS: 数据保存成功[c_category]: ['艺术', '849542', 'https://book.douban.com/tag/艺术', 3]
2022-09-19 22:48:42 | MainProcess | MainThread | category.py | category.parse:38 | SUCCESS: 数据保存成功[c_category]: ['社会', '810536', 'https://book.douban.com/tag/社会', 3]
2022-09-19 22:48:42 | MainProcess | MainThread | category.py | category.parse:38 | SUCCESS: 数据保存成功[c_category]: ['政治', '627449', 'https://book.douban.com/tag/政治', 3]
2022-09-19 22:48:42 | MainProcess | MainThread | category.py | category.parse:38 | SUCCESS: 数据保存成功[c_category]: ['设计', '526376', 'https://book.douban.com/tag/设计', 3]
2022-09-19 22:48:42 | MainProcess | MainThread | category.py | category.parse:38 | SUCCESS: 数据保存成功[c_category]: ['政治学', '408484', 'https://book.douban.com/tag/政治学', 3]
2022-09-19 22:48:42 | MainProcess | MainThread | category.py | category.parse:38 | SUCCESS: 数据保存成功[c_category]: ['宗教', '366529', 'https://book.douban.com/tag/宗教', 3]
2022-09-19 22:48:42 | MainProcess | MainThread | category.py | category.parse:38 | SUCCESS: 数据保存成功[c_category]: ['电影', '351318', 'https://book.douban.com/tag/电影', 3]
2022-09-19 22:48:42 | MainProcess | MainThread | category.py | category.parse:38 | SUCCESS: 数据保存成功[c_category]: ['建筑', '351109', 'https://book.douban.com/tag/建筑', 3]
2022-09-19 22:48:42 | MainProcess | MainThread | category.py | category.parse:38 | SUCCESS: 数据保存成功[c_category]: ['中国历史', '343347', 'https://book.douban.com/tag/中国历史', 3]
2022-09-19 22:48:42 | MainProcess | MainThread | category.py | category.parse:38 | SUCCESS: 数据保存成功[c_category]: ['数学', '332617', 'https://book.douban.com/tag/数学', 3]
2022-09-19 22:48:42 | MainProcess | MainThread | category.py | category.parse:38 | SUCCESS: 数据保存成功[c_category]: ['回忆录', '290539', 'https://book.douban.com/tag/回忆录', 3]
2022-09-19 22:48:42 | MainProcess | MainThread | category.py | category.parse:38 | SUCCESS: 数据保存成功[c_category]: ['思想', '249382', 'https://book.douban.com/tag/思想', 3]
2022-09-19 22:48:42 | MainProcess | MainThread | category.py | category.parse:38 | SUCCESS: 数据保存成功[c_category]: ['人物传记', '232630', 'https://book.douban.com/tag/人物传记', 3]
2022-09-19 22:48:42 | MainProcess | MainThread | category.py | category.parse:38 | SUCCESS: 数据保存成功[c_category]: ['艺术史', '217352', 'https://book.douban.com/tag/艺术史', 3]
2022-09-19 22:48:42 | MainProcess | MainThread | category.py | category.parse:38 | SUCCESS: 数据保存成功[c_category]: ['国学', '211368', 'https://book.douban.com/tag/国学', 3]
2022-09-19 22:48:42 | MainProcess | MainThread | category.py | category.parse:38 | SUCCESS: 数据保存成功[c_category]: ['人文', '190150', 'https://book.douban.com/tag/人文', 3]
2022-09-19 22:48:42 | MainProcess | MainThread | category.py | category.parse:38 | SUCCESS: 数据保存成功[c_category]: ['音乐', '171538', 'https://book.douban.com/tag/音乐', 3]
2022-09-19 22:48:42 | MainProcess | MainThread | category.py | category.parse:38 | SUCCESS: 数据保存成功[c_category]: ['绘画', '168472', 'https://book.douban.com/tag/绘画', 3]
2022-09-19 22:48:42 | MainProcess | MainThread | category.py | category.parse:38 | SUCCESS: 数据保存成功[c_category]: ['西方哲学', '167136', 'https://book.douban.com/tag/西方哲学', 3]
2022-09-19 22:48:42 | MainProcess | MainThread | category.py | category.parse:38 | SUCCESS: 数据保存成功[c_category]: ['戏剧', '166261', 'https://book.douban.com/tag/戏剧', 3]
2022-09-19 22:48:42 | MainProcess | MainThread | category.py | category.parse:38 | SUCCESS: 数据保存成功[c_category]: ['近代史', '140123', 'https://book.douban.com/tag/近代史', 3]
2022-09-19 22:48:42 | MainProcess | MainThread | category.py | category.parse:38 | SUCCESS: 数据保存成功[c_category]: ['二战', '134150', 'https://book.douban.com/tag/二战', 3]
2022-09-19 22:48:42 | MainProcess | MainThread | category.py | category.parse:38 | SUCCESS: 数据保存成功[c_category]: ['军事', '116342', 'https://book.douban.com/tag/军事', 3]
2022-09-19 22:48:42 | MainProcess | MainThread | category.py | category.parse:38 | SUCCESS: 数据保存成功[c_category]: ['佛教', '110756', 'https://book.douban.com/tag/佛教', 3]
2022-09-19 22:48:42 | MainProcess | MainThread | category.py | category.parse:38 | SUCCESS: 数据保存成功[c_category]: ['考古', '82320', 'https://book.douban.com/tag/考古', 3]
2022-09-19 22:48:42 | MainProcess | MainThread | category.py | category.parse:38 | SUCCESS: 数据保存成功[c_category]: ['自由主义', '65620', 'https://book.douban.com/tag/自由主义', 3]
2022-09-19 22:48:42 | MainProcess | MainThread | category.py | category.parse:38 | SUCCESS: 数据保存成功[c_category]: ['美术', '61961', 'https://book.douban.com/tag/美术', 3]
2022-09-19 22:48:42 | MainProcess | MainThread | category.py | category.parse:38 | SUCCESS: 数据保存成功[c_category]: ['爱情', '1391255', 'https://book.douban.com/tag/爱情', 4]
2022-09-19 22:48:42 | MainProcess | MainThread | category.py | category.parse:38 | SUCCESS: 数据保存成功[c_category]: ['成长', '1085689', 'https://book.douban.com/tag/成长', 4]
2022-09-19 22:48:42 | MainProcess | MainThread | category.py | category.parse:38 | SUCCESS: 数据保存成功[c_category]: ['生活', '841382', 'https://book.douban.com/tag/生活', 4]
2022-09-19 22:48:42 | MainProcess | MainThread | category.py | category.parse:38 | SUCCESS: 数据保存成功[c_category]: ['心理', '766478', 'https://book.douban.com/tag/心理', 4]
2022-09-19 22:48:42 | MainProcess | MainThread | category.py | category.parse:38 | SUCCESS: 数据保存成功[c_category]: ['女性', '745826', 'https://book.douban.com/tag/女性', 4]
2022-09-19 22:48:42 | MainProcess | MainThread | category.py | category.parse:38 | SUCCESS: 数据保存成功[c_category]: ['旅行', '675205', 'https://book.douban.com/tag/旅行', 4]
2022-09-19 22:48:42 | MainProcess | MainThread | category.py | category.parse:38 | SUCCESS: 数据保存成功[c_category]: ['励志', '554810', 'https://book.douban.com/tag/励志', 4]
2022-09-19 22:48:42 | MainProcess | MainThread | category.py | category.parse:38 | SUCCESS: 数据保存成功[c_category]: ['教育', '421475', 'https://book.douban.com/tag/教育', 4]
2022-09-19 22:48:42 | MainProcess | MainThread | category.py | category.parse:38 | SUCCESS: 数据保存成功[c_category]: ['摄影', '392311', 'https://book.douban.com/tag/摄影', 4]
2022-09-19 22:48:42 | MainProcess | MainThread | category.py | category.parse:38 | SUCCESS: 数据保存成功[c_category]: ['职场', '289955', 'https://book.douban.com/tag/职场', 4]
2022-09-19 22:48:42 | MainProcess | MainThread | category.py | category.parse:38 | SUCCESS: 数据保存成功[c_category]: ['美食', '251715', 'https://book.douban.com/tag/美食', 4]
2022-09-19 22:48:42 | MainProcess | MainThread | category.py | category.parse:38 | SUCCESS: 数据保存成功[c_category]: ['游记', '210788', 'https://book.douban.com/tag/游记', 4]
2022-09-19 22:48:42 | MainProcess | MainThread | category.py | category.parse:38 | SUCCESS: 数据保存成功[c_category]: ['灵修', '155537', 'https://book.douban.com/tag/灵修', 4]
2022-09-19 22:48:42 | MainProcess | MainThread | category.py | category.parse:38 | SUCCESS: 数据保存成功[c_category]: ['健康', '146383', 'https://book.douban.com/tag/健康', 4]
2022-09-19 22:48:42 | MainProcess | MainThread | category.py | category.parse:38 | SUCCESS: 数据保存成功[c_category]: ['情感', '134908', 'https://book.douban.com/tag/情感', 4]
2022-09-19 22:48:42 | MainProcess | MainThread | category.py | category.parse:38 | SUCCESS: 数据保存成功[c_category]: ['人际关系', '83980', 'https://book.douban.com/tag/人际关系', 4]
2022-09-19 22:48:42 | MainProcess | MainThread | category.py | category.parse:38 | SUCCESS: 数据保存成功[c_category]: ['两性', '81377', 'https://book.douban.com/tag/两性', 4]
2022-09-19 22:48:42 | MainProcess | MainThread | category.py | category.parse:38 | SUCCESS: 数据保存成功[c_category]: ['养生', '50267', 'https://book.douban.com/tag/养生', 4]
2022-09-19 22:48:42 | MainProcess | MainThread | category.py | category.parse:38 | SUCCESS: 数据保存成功[c_category]: ['手工', '45596', 'https://book.douban.com/tag/手工', 4]
2022-09-19 22:48:42 | MainProcess | MainThread | category.py | category.parse:38 | SUCCESS: 数据保存成功[c_category]: ['家居', '35905', 'https://book.douban.com/tag/家居', 4]
2022-09-19 22:48:42 | MainProcess | MainThread | category.py | category.parse:38 | SUCCESS: 数据保存成功[c_category]: ['自助游', '2774', 'https://book.douban.com/tag/自助游', 4]
2022-09-19 22:48:42 | MainProcess | MainThread | category.py | category.parse:38 | SUCCESS: 数据保存成功[c_category]: ['经济学', '661851', 'https://book.douban.com/tag/经济学', 5]
2022-09-19 22:48:42 | MainProcess | MainThread | category.py | category.parse:38 | SUCCESS: 数据保存成功[c_category]: ['管理', '606914', 'https://book.douban.com/tag/管理', 5]
2022-09-19 22:48:42 | MainProcess | MainThread | category.py | category.parse:38 | SUCCESS: 数据保存成功[c_category]: ['经济', '557263', 'https://book.douban.com/tag/经济', 5]
2022-09-19 22:48:42 | MainProcess | MainThread | category.py | category.parse:38 | SUCCESS: 数据保存成功[c_category]: ['商业', '511659', 'https://book.douban.com/tag/商业', 5]
2022-09-19 22:48:42 | MainProcess | MainThread | category.py | category.parse:38 | SUCCESS: 数据保存成功[c_category]: ['金融', '422856', 'https://book.douban.com/tag/金融', 5]
2022-09-19 22:48:42 | MainProcess | MainThread | category.py | category.parse:38 | SUCCESS: 数据保存成功[c_category]: ['投资', '388410', 'https://book.douban.com/tag/投资', 5]
2022-09-19 22:48:42 | MainProcess | MainThread | category.py | category.parse:38 | SUCCESS: 数据保存成功[c_category]: ['营销', '219925', 'https://book.douban.com/tag/营销', 5]
2022-09-19 22:48:42 | MainProcess | MainThread | category.py | category.parse:38 | SUCCESS: 数据保存成功[c_category]: ['理财', '200836', 'https://book.douban.com/tag/理财', 5]
2022-09-19 22:48:42 | MainProcess | MainThread | category.py | category.parse:38 | SUCCESS: 数据保存成功[c_category]: ['创业', '163370', 'https://book.douban.com/tag/创业', 5]
2022-09-19 22:48:42 | MainProcess | MainThread | category.py | category.parse:38 | SUCCESS: 数据保存成功[c_category]: ['股票', '106879', 'https://book.douban.com/tag/股票', 5]
2022-09-19 22:48:42 | MainProcess | MainThread | category.py | category.parse:38 | SUCCESS: 数据保存成功[c_category]: ['广告', '86755', 'https://book.douban.com/tag/广告', 5]
2022-09-19 22:48:42 | MainProcess | MainThread | category.py | category.parse:38 | SUCCESS: 数据保存成功[c_category]: ['企业史', '30785', 'https://book.douban.com/tag/企业史', 5]
2022-09-19 22:48:42 | MainProcess | MainThread | category.py | category.parse:38 | SUCCESS: 数据保存成功[c_category]: ['策划', '10948', 'https://book.douban.com/tag/策划', 5]
2022-09-19 22:48:42 | MainProcess | MainThread | category.py | category.parse:38 | SUCCESS: 数据保存成功[c_category]: ['科普', '1023311', 'https://book.douban.com/tag/科普', 6]
2022-09-19 22:48:42 | MainProcess | MainThread | category.py | category.parse:38 | SUCCESS: 数据保存成功[c_category]: ['互联网', '318824', 'https://book.douban.com/tag/互联网', 6]
2022-09-19 22:48:42 | MainProcess | MainThread | category.py | category.parse:38 | SUCCESS: 数据保存成功[c_category]: ['科学', '235618', 'https://book.douban.com/tag/科学', 6]
2022-09-19 22:48:42 | MainProcess | MainThread | category.py | category.parse:38 | SUCCESS: 数据保存成功[c_category]: ['编程', '210498', 'https://book.douban.com/tag/编程', 6]
2022-09-19 22:48:43 | MainProcess | MainThread | category.py | category.parse:38 | SUCCESS: 数据保存成功[c_category]: ['交互设计', '81599', 'https://book.douban.com/tag/交互设计', 6]
2022-09-19 22:48:43 | MainProcess | MainThread | category.py | category.parse:38 | SUCCESS: 数据保存成功[c_category]: ['算法', '70226', 'https://book.douban.com/tag/算法', 6]
2022-09-19 22:48:43 | MainProcess | MainThread | category.py | category.parse:38 | SUCCESS: 数据保存成功[c_category]: ['用户体验', '68304', 'https://book.douban.com/tag/用户体验', 6]
2022-09-19 22:48:43 | MainProcess | MainThread | category.py | category.parse:38 | SUCCESS: 数据保存成功[c_category]: ['科技', '48775', 'https://book.douban.com/tag/科技', 6]
2022-09-19 22:48:43 | MainProcess | MainThread | category.py | category.parse:38 | SUCCESS: 数据保存成功[c_category]: ['web', '23436', 'https://book.douban.com/tag/web', 6]
2022-09-19 22:48:43 | MainProcess | MainThread | category.py | category.parse:38 | SUCCESS: 数据保存成功[c_category]: ['交互', '6872', 'https://book.douban.com/tag/交互', 6]
2022-09-19 22:48:43 | MainProcess | MainThread | category.py | category.parse:38 | SUCCESS: 数据保存成功[c_category]: ['通信', '6713', 'https://book.douban.com/tag/通信', 6]
2022-09-19 22:48:43 | MainProcess | MainThread | category.py | category.parse:38 | SUCCESS: 数据保存成功[c_category]: ['UE', '5740', 'https://book.douban.com/tag/UE', 6]
2022-09-19 22:48:43 | MainProcess | MainThread | category.py | category.parse:38 | SUCCESS: 数据保存成功[c_category]: ['神经网络', '4947', 'https://book.douban.com/tag/神经网络', 6]
2022-09-19 22:48:43 | MainProcess | MainThread | category.py | category.parse:38 | SUCCESS: 数据保存成功[c_category]: ['UCD', '3603', 'https://book.douban.com/tag/UCD', 6]
2022-09-19 22:48:43 | MainProcess | MainThread | category.py | category.parse:38 | SUCCESS: 数据保存成功[c_category]: ['程序', '1530', 'https://book.douban.com/tag/程序', 6]
